     1                                  bits 32 ; assembling for the 32 bits architecture
     2                                  
     3                                  ; declare the EntryPoint (a label defining the very first instruction of the program)
     4                                  global start        
     5                                  
     6                                  ; declare external functions needed by our program
     7                                  extern exit, fopen, printf, fread, fclose
     8                                  import exit msvcrt.dll
     9                                  import fopen msvcrt.dll
    10                                  import fread msvcrt.dll
    11                                  import printf msvcrt.dll
    12                                  import fclose msvcrt.dll
    13                                  
    14                                  ; our data is declared here (the variables needed by our program)
    15                                  segment data use32 class=data
    16 00000000 6A6F6B652E74787400          file_name db "joke.txt", 0
    17 00000009 7200                        file_mode db "r", 0
    18 0000000B 00000000                    file dd 0
    19                                      
    20                                      
    21                                      LEN equ 255
    22 0000000F <res 00000100>              buffer resb LEN + 1
    23                                      
    24 0000010F 25640A                      printf_format db "%d", 10
    25                                  
    26                                  ; our code starts here
    27                                  segment code use32 class=code
    28                                      start:
    29                                          ; file = fopen(file_name, file_mode)
    30 00000000 68[09000000]                    push file_mode
    31 00000005 68[00000000]                    push file_name
    32 0000000A FF15[00000000]                  call [fopen]
    33 00000010 83C408                          add esp, 2 * 4
    34                                  
    35                                          ; if (file == 0) exit(1);
    36 00000013 83F800                          cmp eax, 0
    37 00000016 A3[0B000000]                    mov [file], eax
    38 0000001B 7508                            jnz read_start               
    39 0000001D 6A01                            push dword 1
    40 0000001F FF15[00000000]                  call [exit]
    41                                          
    42                                  
    43                                          
    44                                          read_start:
    45                                          ; fread(buffer, 1, LEN, [file]) -> eax
    46 00000025 FF35[0B000000]                  push dword [file]
    47 0000002B 68FF000000                      push dword LEN
    48 00000030 6A01                            push dword 1
    49 00000032 68[0F000000]                    push dword buffer
    50 00000037 FF15[00000000]                  call [fread]
    51 0000003D 83C410                          add esp, 4 * 4
    52                                          
    53                                          ; if (fread(...) <= 0) break
    54 00000040 83F800                          cmp eax, 0
    55 00000043 7E1D                            jle read_end
    56                                          
    57                                          ; buffer[eax] = 0
    58 00000045 C780[0F000000]0000-             mov dword [buffer + eax], 0
    58 0000004D 0000               
    59                                          
    60                                          ; printf("%s", buffer)
    61 0000004F 68[0F000000]                    push buffer
    62 00000054 68[0F010000]                    push printf_format
    63 00000059 FF15[00000000]                  call [printf]
    64 0000005F 83C408                          add esp, 2 * 4
    65                                          
    66                                          read_end:
    67                                          
    68 00000062 FF35[0B000000]                  push dword [file]
    69 00000068 FF15[00000000]                  call [fclose]
    70                                      
    71                                          ; exit(0)
    72 0000006E 6A00                            push    dword 0      ; push the parameter for exit onto the stack
    73 00000070 FF15[00000000]                  call    [exit]       ; call exit to terminate the program
