     1                                  bits 32 ; assembling for the 32 bits architecture
     2                                  
     3                                  ; declare the EntryPoint (a label defining the very first instruction of the program)
     4                                  global start        
     5                                  
     6                                  ; declare external functions needed by our program
     7                                  extern exit, fopen, printf, fread, fclose
     8                                  import exit msvcrt.dll
     9                                  import fopen msvcrt.dll
    10                                  import fread msvcrt.dll
    11                                  import printf msvcrt.dll
    12                                  import fclose msvcrt.dll
    13                                  
    14                                  ; our data is declared here (the variables needed by our program)
    15                                  ; 
    16                                  segment data use32 class=data
    17 00000000 6A6F6B652E74787400          file_name db "joke.txt", 0
    18 00000009 7200                        file_mode db "r", 0
    19 0000000B 00000000                    file dd 0
    20                                      
    21                                      
    22                                      LEN equ 255
    23 0000000F <res 00000100>              buffer resb LEN + 1
    24                                      
    25 0000010F 25640A                      printf_format db "%d", 10
    26                                  
    27                                  ; our code starts here
    28                                  segment code use32 class=code
    29                                      start:
    30                                          ; file = fopen(file_name, file_mode)
    31 00000000 68[09000000]                    push file_mode
    32 00000005 68[00000000]                    push file_name
    33 0000000A FF15[00000000]                  call [fopen]
    34 00000010 83C408                          add esp, 2 * 4
    35                                          
    36 00000013 A3[0B000000]                    mov [file], eax
    37                                  
    38                                          ; if (file == 0) exit(1);
    39 00000018 83F800                          cmp eax, 0
    40                                  
    41 0000001B 7508                            jnz read_start             
    42 0000001D 6A01                            push dword 1
    43 0000001F FF15[00000000]                  call [exit]
    44                                  
    45                                          read_start:
    46                                          ; fread(buffer, 1, LEN, [file]) -> eax
    47                                  
    48 00000025 FF35[0B000000]                  push dword [file]
    49 0000002B 68FF000000                      push dword LEN
    50 00000030 6A01                            push dword 1
    51 00000032 68[0F000000]                    push dword buffer
    52 00000037 FF15[00000000]                  call [fread]
    53 0000003D 83C410                          add esp, 4 * 4
    54                                          
    55                                          ; if (fread(...) <= 0) break
    56 00000040 83F800                          cmp eax, 0
    57 00000043 7E1D                            jle read_end
    58                                          
    59                                          ; buffer[eax] = 0
    60 00000045 C780[0F000000]0000-             mov dword [buffer + eax], 0
    60 0000004D 0000               
    61                                          
    62                                          ; printf("%s", buffer)
    63 0000004F 68[0F000000]                    push buffer
    64 00000054 68[0F010000]                    push printf_format
    65 00000059 FF15[00000000]                  call [printf]
    66 0000005F 83C408                          add esp, 2 * 4
    67                                          
    68                                          read_end:
    69                                          
    70 00000062 FF35[0B000000]                  push dword [file]
    71 00000068 FF15[00000000]                  call [fclose]
    72                                      
    73                                          ; exit(0)
    74 0000006E 6A00                            push    dword 0      ; push the parameter for exit onto the stack
    75 00000070 FF15[00000000]                  call    [exit]       ; call exit to terminate the program
