     1                                  bits 32 ; assembling for the 32 bits architecture
     2                                  
     3                                  ; declare the EntryPoint (a label defining the very first instruction of the program)
     4                                  global start        
     5                                  
     6                                  ; declare external functions needed by our program
     7                                  extern exit               ; tell nasm that exit exists even if we won't be defining it
     8                                  import exit msvcrt.dll    ; exit is a function that ends the calling process. It is defined in msvcrt.dll
     9                                                            ; msvcrt.dll contains exit, printf and all the other important C-runtime specific functions
    10                                  
    11                                  ; our data is declared here (the variables needed by our program)
    12                                  segment data use32 class=data
    13                                      ; ...
    14 00000000 8877665544332211            m  dq 1122334455667788h 
    15 00000008 DDEEDDCC                	n  dd 0ccddeeddh 
    16 0000000C <res 00000004>          	d  resd 1 ; result quotient
    17                                  
    18                                  ; our code starts here
    19                                  segment code use32 class=code
    20                                      start:
    21                                          ; ...
    22 00000000 8B1D[08000000]                  mov ebx, [n]; ebx = n
    23                                          
    24                                          ; m -> edx:eax
    25 00000006 A1[00000000]                    mov eax, [m + 0] ; eax = 88776655
    26 0000000B 8B15[04000000]                  mov edx, [m + 4] ; edx = 44332211
    27                                          
    28 00000011 F7F3                            div ebx ; edx:eax / ebx -> eax = /, edx = %
    29                                          
    30 00000013 A3[0C000000]                    mov dword [d], eax ; d = eax
    31                                      
    32                                          ; exit(0)
    33 00000018 6A00                            push    dword 0      ; push the parameter for exit onto the stack
    34 0000001A FF15[00000000]                  call    [exit]       ; call exit to terminate the program
