     1                                  bits 32 ; assembling for the 32 bits architecture
     2                                  
     3                                  ; declare the EntryPoint (a label defining the very first instruction of the program)
     4                                  global start        
     5                                  
     6                                  ; declare external functions needed by our program
     7                                  extern exit, fprintf, fscanf, fclose, fopen
     8                                  import exit msvcrt.dll
     9                                  import fopen msvcrt.dll
    10                                  import fclose msvcrt.dll
    11                                  import fprintf msvcrt.dll
    12                                  import fscanf msvcrt.dll
    13                                  
    14                                  
    15                                  
    16                                  
    17                                  ; our data is declared here (the variables needed by our program)
    18                                  segment data use32 class=data
    19 00000000 7072696D65735F696E-         fin_name db "primes_input.txt", 0
    19 00000009 7075742E74787400   
    20 00000011 7072696D65735F6F75-         fout_name db "primes_output.txt", 0
    20 0000001A 747075742E74787400 
    21                                      
    22 00000023 256400                      fscanf_format db "%d", 0
    23 00000026 256400                      fprintf_format db "%d", 0
    24                                      
    25 00000029 7200                        fin_mode db "r", 0
    26 0000002B 7700                        fout_mode db "w", 0
    27                                      
    28 0000002D 00000000                    fin dd 0
    29 00000031 00000000                    fout dd 0
    30                                      
    31                                      LEN equ 256
    32                                      
    33 00000035 00000000                    n dd 0
    34 00000039 00000000                    d dd 0
    35                                  
    36                                  ; our code starts here
    37                                  segment code use32 class=code
    38                                      start:
    39                                          ; open fin
    40 00000000 68[29000000]                    push fin_mode
    41 00000005 68[00000000]                    push fin_name
    42 0000000A FF15[00000000]                  call [fopen]
    43 00000010 83C408                          add esp, 2 * 4
    44 00000013 A3[2D000000]                    mov [fin], eax
    45 00000018 85C0                            test eax, eax
    46 0000001A 744F                            jz exit_program 
    47                                          
    48                                          ; open fout
    49 0000001C 68[2B000000]                    push fout_mode
    50 00000021 68[11000000]                    push fout_name
    51 00000026 FF15[00000000]                  call [fopen]
    52 0000002C 83C408                          add esp, 2 * 4
    53 0000002F A3[31000000]                    mov [fout], eax
    54 00000034 85C0                            test eax, eax
    55 00000036 7433                            jz exit_program
    56                                          
    57                                          ; read from fin
    58 00000038 68[35000000]                    push dword n
    59 0000003D 68[23000000]                    push dword fscanf_format
    60 00000042 FF35[2D000000]                  push dword [fin]
    61 00000048 FF15[00000000]                  call [fscanf]
    62 0000004E 83C40C                          add esp, 3 * 4
    63                                          
    64                                          ; write n to fout
    65 00000051 FF35[35000000]                  push dword [n]
    66 00000057 68[26000000]                    push dword fprintf_format
    67 0000005C FF35[31000000]                  push dword [fout]
    68 00000062 FF15[00000000]                  call [fprintf]
    69 00000068 83C40C                          add esp, 3 * 4
    70                                          
    71                                          exit_program:
    72                                          
    73                                          ; close fin and fout
    74 0000006B FF35[2D000000]                  push dword [fin]
    75 00000071 FF15[00000000]                  call [fclose]
    76 00000077 83C404                          add esp, 1 * 4
    77                                          
    78 0000007A FF35[31000000]                  push dword [fout]
    79 00000080 FF15[00000000]                  call [fclose]
    80 00000086 83C404                          add esp, 1 * 4
    81                                          
    82                                          ; exit(1)
    83 00000089 6A01                            push 1
    84 0000008B FF15[00000000]                  call [exit]
    85                                          
    86                                          
    87                                          
    88                                          
    89                                          
    90                                          
    91                                          
    92                                          
    93                                          
    94                                          
    95                                          
    96                                          
