     1                                  bits 32
     2                                  
     3                                  global start        
     4                                  
     5                                  extern exit, printf
     6                                  import exit msvcrt.dll
     7                                  import printf msvcrt.dll
     8                                  
     9                                  %include "factorial.asm"
     1                              <1> ; we need to avoid multiple inclusion of this file
     2                              <1> %ifndef _FACTORIAL_ASM_ ; if _FACTORIAL_ASM_ is not defined
     3                              <1> %define _FACTORIAL_ASM_ ; then we define it
     4                              <1> 
     5                              <1> ; procedure definition
     6                              <1> factorial:                  ; int _stdcall factorial(int n)
     7 00000000 B801000000          <1> 	mov eax, 1
     8 00000005 8B4C2404            <1> 	mov ecx, [esp + 4]  ; read the parameter from the stack
     9                              <1> 
    10                              <1> 	repeat: 
    11 00000009 F7E1                <1> 		mul ecx
    12 0000000B E2FC                <1> 	loop repeat         ; the case ecx = 0 is not considered
    13                              <1> 
    14 0000000D C3                  <1> 	ret
    15                              <1> %endif
    10                                  
    11                                  segment data use32 class=data
    12 0000000E 666163746F7269616C-         printf_format db "factorial=%d", 10, 13, 0
    12 00000017 3D25640A0D00       
    13                                  
    14                                  
    15                                  segment code use32 class=code
    16                                      start:
    17 00000000 6A06                            push dword 6
    18 00000002 E8(00000000)                    call factorial
    19                                      
    20 00000007 50                              push eax
    21 00000008 68[0E000000]                    push printf_format
    22 0000000D FF15[00000000]                  call [printf]
    23 00000013 83C408                          add esp, 2 * 4
    24                                  
    25 00000016 6A00                            push 0
    26 00000018 FF15[00000000]                  call [exit]
