     1                                  bits 32 ; assembling for the 32 bits architecture
     2                                  
     3                                  ; declare the EntryPoint (a label defining the very first instruction of the program)
     4                                  global start        
     5                                  
     6                                  ; declare external functions needed by our program
     7                                  extern exit, printf, scanf
     8                                  import exit msvcrt.dll
     9                                  import printf msvcrt.dll
    10                                  import scanf msvcrt.dll
    11                                  
    12                                  ; our data is declared here (the variables needed by our program)
    13                                  segment data use32 class=data
    14 00000000 256400                      scanf_format db "%d", 0
    15 00000003 282564202B20256429-         printf_format db "(%d + %d)/(%d - %d) = %d", 10, 0
    15 0000000C 2F282564202D202564-
    15 00000015 29203D2025640A00   
    16                                      
    17 0000001D 00000000                    a dd 0
    18 00000021 00000000                    b dd 0
    19 00000025 00000000                    res dd 0
    20                                  
    21                                  ; our code starts here
    22                                  segment code use32 class=code
    23                                      start:
    24                                          ; read a from console
    25 00000000 68[1D000000]                    push dword a
    26 00000005 68[00000000]                    push scanf_format
    27 0000000A FF15[00000000]                  call [scanf]
    28 00000010 83C408                          add esp, 2 * 4
    29                                          
    30                                          ; read b from console
    31 00000013 68[21000000]                    push dword b
    32 00000018 68[00000000]                    push scanf_format
    33 0000001D FF15[00000000]                  call [scanf]
    34 00000023 83C408                          add esp, 2 * 4
    35                                          
    36                                          ; eax = a + b
    37 00000026 A1[1D000000]                    mov eax, [a]
    38 0000002B 0305[21000000]                  add eax, [b]
    39 00000031 99                              cdq ; eax -> edx:eax
    40                                          
    41                                          ; ecx = a - b
    42 00000032 8B0D[1D000000]                  mov ecx, [a]
    43 00000038 2B0D[21000000]                  sub ecx, [b]
    44                                          
    45                                          ; edx:eax / ecx -> eax:edx
    46 0000003E F7F1                            div ecx
    47                                          
    48                                          ; printf
    49 00000040 50                              push eax ; quotient
    50                                          ; (a - b)
    51 00000041 FF35[21000000]                  push dword [b]
    52 00000047 FF35[1D000000]                  push dword [a]
    53                                          ; (a + b)
    54 0000004D FF35[21000000]                  push dword [b]
    55 00000053 FF35[1D000000]                  push dword [a]
    56 00000059 68[03000000]                    push printf_format
    57 0000005E FF15[00000000]                  call [printf]
    58 00000064 83C418                          add esp, 6 * 4
    59                                          
    60                                  
    61                                          ; exit(0)
    62 00000067 6A00                            push    dword 0      ; push the parameter for exit onto the stack
    63 00000069 FF15[00000000]                  call    [exit]       ; call exit to terminate the program
